
> xcx@0.0.0 start /opt/swtk/xcx
> node ./bin/www "3000"

[0mPOST /users/analyze [32m200 [0m239.734 ms - 357[0m
[0mPOST /users/analyze [32m200 [0m144.701 ms - 357[0m

> xcx@0.0.0 start /opt/swtk/xcx
> node ./bin/www "3000"

/opt/swtk/xcx/node_modules/.2.2.16@mongodb/lib/utils.js:98
    process.nextTick(function() { throw err; });
                                  ^

ReferenceError: assert is not defined
    at /opt/swtk/xcx/config/mongo.js:14:5
    at handleCallback (/opt/swtk/xcx/node_modules/.2.2.16@mongodb/lib/utils.js:95:56)
    at /opt/swtk/xcx/node_modules/.2.2.16@mongodb/lib/db.js:534:24
    at executeCommand (/opt/swtk/xcx/node_modules/.2.2.16@mongodb/lib/db.js:289:67)
    at Db.command (/opt/swtk/xcx/node_modules/.2.2.16@mongodb/lib/db.js:334:44)
    at /opt/swtk/xcx/node_modules/.2.2.16@mongodb/lib/db.js:533:12
    at handleCallback (/opt/swtk/xcx/node_modules/.2.2.16@mongodb/lib/utils.js:95:56)
    at /opt/swtk/xcx/node_modules/.2.2.16@mongodb/lib/cursor.js:852:16
    at handleCallback (/opt/swtk/xcx/node_modules/.2.1.2@mongodb-core/lib/cursor.js:171:5)
    at setCursorNotified (/opt/swtk/xcx/node_modules/.2.1.2@mongodb-core/lib/cursor.js:516:3)

npm ERR! Linux 3.13.0-86-generic
npm ERR! argv "/root/.nvm/versions/node/v7.2.1/bin/node" "/root/.nvm/versions/node/v7.2.1/bin/npm" "start" "-p" "3000"
npm ERR! node v7.2.1
npm ERR! npm  v3.10.10
npm ERR! code ELIFECYCLE
npm ERR! xcx@0.0.0 start: `node ./bin/www "3000"`
npm ERR! Exit status 1
npm ERR! 
npm ERR! Failed at the xcx@0.0.0 start script 'node ./bin/www "3000"'.
npm ERR! Make sure you have the latest version of node.js and npm installed.
npm ERR! If you do, this is most likely a problem with the xcx package,
npm ERR! not with npm itself.
npm ERR! Tell the author that this fails on your system:
npm ERR!     node ./bin/www "3000"
npm ERR! You can get information on how to open an issue for this project with:
npm ERR!     npm bugs xcx
npm ERR! Or if that isn't available, you can get their info via:
npm ERR!     npm owner ls xcx
npm ERR! There is likely additional logging output above.

npm ERR! Please include the following file with any support request:
npm ERR!     /opt/swtk/xcx/npm-debug.log
