0 info it worked if it ends with ok
1 verbose cli [ '/root/.nvm/versions/node/v7.2.1/bin/node',
1 verbose cli   '/root/.nvm/versions/node/v7.2.1/bin/npm',
1 verbose cli   'start',
1 verbose cli   '-p',
1 verbose cli   '3000' ]
2 info using npm@3.10.10
3 info using node@v7.2.1
4 verbose run-script [ 'prestart', 'start', 'poststart' ]
5 info lifecycle xcx@0.0.0~prestart: xcx@0.0.0
6 silly lifecycle xcx@0.0.0~prestart: no script for prestart, continuing
7 info lifecycle xcx@0.0.0~start: xcx@0.0.0
8 verbose lifecycle xcx@0.0.0~start: unsafe-perm in lifecycle true
9 verbose lifecycle xcx@0.0.0~start: PATH: /root/.nvm/versions/node/v7.2.1/lib/node_modules/npm/bin/node-gyp-bin:/opt/swtk/xcx/node_modules/.bin:/root/.nvm/versions/node/v7.2.1/bin:/usr/local/sbin:/usr/local/bin:/usr/sbin:/usr/bin:/sbin:/bin:/usr/games:/usr/local/games
10 verbose lifecycle xcx@0.0.0~start: CWD: /opt/swtk/xcx
11 silly lifecycle xcx@0.0.0~start: Args: [ '-c', 'node ./bin/www "3000"' ]
12 silly lifecycle xcx@0.0.0~start: Returned: code: 1  signal: null
13 info lifecycle xcx@0.0.0~start: Failed to exec start script
14 verbose stack Error: xcx@0.0.0 start: `node ./bin/www "3000"`
14 verbose stack Exit status 1
14 verbose stack     at EventEmitter.<anonymous> (/root/.nvm/versions/node/v7.2.1/lib/node_modules/npm/lib/utils/lifecycle.js:255:16)
14 verbose stack     at emitTwo (events.js:106:13)
14 verbose stack     at EventEmitter.emit (events.js:191:7)
14 verbose stack     at ChildProcess.<anonymous> (/root/.nvm/versions/node/v7.2.1/lib/node_modules/npm/lib/utils/spawn.js:40:14)
14 verbose stack     at emitTwo (events.js:106:13)
14 verbose stack     at ChildProcess.emit (events.js:191:7)
14 verbose stack     at maybeClose (internal/child_process.js:885:16)
14 verbose stack     at Process.ChildProcess._handle.onexit (internal/child_process.js:226:5)
15 verbose pkgid xcx@0.0.0
16 verbose cwd /opt/swtk/xcx
17 error Linux 3.13.0-86-generic
18 error argv "/root/.nvm/versions/node/v7.2.1/bin/node" "/root/.nvm/versions/node/v7.2.1/bin/npm" "start" "-p" "3000"
19 error node v7.2.1
20 error npm  v3.10.10
21 error code ELIFECYCLE
22 error xcx@0.0.0 start: `node ./bin/www "3000"`
22 error Exit status 1
23 error Failed at the xcx@0.0.0 start script 'node ./bin/www "3000"'.
23 error Make sure you have the latest version of node.js and npm installed.
23 error If you do, this is most likely a problem with the xcx package,
23 error not with npm itself.
23 error Tell the author that this fails on your system:
23 error     node ./bin/www "3000"
23 error You can get information on how to open an issue for this project with:
23 error     npm bugs xcx
23 error Or if that isn't available, you can get their info via:
23 error     npm owner ls xcx
23 error There is likely additional logging output above.
24 verbose exit [ 1, true ]
